{"uid":"5cebac7b9c741946","name":"TC - Failed sample","fullName":"tests.web.credential.test_TC_failed_sample#test_failed_sample","historyId":"a169feb28753f67b6e37a3d9b0ea102d","time":{"start":1751825982359,"stop":1751825986044,"duration":3685},"status":"failed","statusMessage":"AssertionError: \u001B[31mFAILURE: \u001B[0m\n\u001B[31mtests/web/credential/test_TC_failed_sample.py\u001B[0m:20 in test_failed_sample() -> assert_util.verify_equals(\n\u001B[31msrc/utils/assert_util.py\u001B[0m:64 in ___verify___() -> with check:\n\u001B[31massert_util.py\u001B[0m:65 in ___verify___ -> assert result\n\u001B[31mAssertionError\n\u001B[0m\n\n------------------------------------------------------------\nFailed Checks: 1","statusTrace":"\u001B[31mFAILURE: \u001B[0m\n\u001B[31mtests/web/credential/test_TC_failed_sample.py\u001B[0m:20 in test_failed_sample() -> assert_util.verify_equals(\n\u001B[31msrc/utils/assert_util.py\u001B[0m:64 in ___verify___() -> with check:\n\u001B[31massert_util.py\u001B[0m:65 in ___verify___ -> assert result\n\u001B[31mAssertionError\n\u001B[0m\n\n------------------------------------------------------------\nFailed Checks: 1","flaky":false,"newFailed":false,"newBroken":false,"newPassed":false,"retriesCount":0,"retriesStatusChange":false,"beforeStages":[],"testStage":{"status":"failed","statusMessage":"AssertionError: \u001B[31mFAILURE: \u001B[0m\n\u001B[31mtests/web/credential/test_TC_failed_sample.py\u001B[0m:20 in test_failed_sample() -> assert_util.verify_equals(\n\u001B[31msrc/utils/assert_util.py\u001B[0m:64 in ___verify___() -> with check:\n\u001B[31massert_util.py\u001B[0m:65 in ___verify___ -> assert result\n\u001B[31mAssertionError\n\u001B[0m\n\n------------------------------------------------------------\nFailed Checks: 1","statusTrace":"\u001B[31mFAILURE: \u001B[0m\n\u001B[31mtests/web/credential/test_TC_failed_sample.py\u001B[0m:20 in test_failed_sample() -> assert_util.verify_equals(\n\u001B[31msrc/utils/assert_util.py\u001B[0m:64 in ___verify___() -> with check:\n\u001B[31massert_util.py\u001B[0m:65 in ___verify___ -> assert result\n\u001B[31mAssertionError\n\u001B[0m\n\n------------------------------------------------------------\nFailed Checks: 1","steps":[{"name":"Step 1: Navigate to AQX Trader","time":{"start":1751825986044,"stop":1751825986044,"duration":0},"status":"passed","steps":[],"attachments":[],"parameters":[],"shouldDisplayMessage":false,"stepsCount":0,"attachmentsCount":0,"hasContent":false,"attachmentStep":false},{"name":"Step 2: Login with invalid username","time":{"start":1751825986044,"stop":1751825986045,"duration":1},"status":"failed","steps":[{"name":"‚ùå [Expected: Invalid credentials] - [Actual: Invalid credentials, please try again] Verify error text displays","time":{"start":1751825986044,"stop":1751825986045,"duration":1},"status":"failed","steps":[],"attachments":[{"uid":"b02dc7c9d201092","name":"chrome_07-2025-07_01:19:45.png","source":"b02dc7c9d201092.png","type":"image/png","size":1158178}],"parameters":[],"shouldDisplayMessage":false,"stepsCount":0,"attachmentsCount":1,"hasContent":true,"attachmentStep":false}],"attachments":[],"parameters":[],"shouldDisplayMessage":false,"stepsCount":1,"attachmentsCount":1,"hasContent":true,"attachmentStep":false}],"attachments":[{"uid":"a9d99e18a9d01b04","name":"Test Recording","source":"a9d99e18a9d01b04.mp4","type":"video/mp4","size":1169230}],"parameters":[],"shouldDisplayMessage":true,"stepsCount":3,"attachmentsCount":2,"hasContent":true,"attachmentStep":false},"afterStages":[],"labels":[{"name":"parentSuite","value":"Credential"},{"name":"resultFormat","value":"allure2"}],"parameters":[],"links":[],"hidden":false,"retry":false,"extra":{"severity":"normal","retries":[],"categories":[{"name":"Product defects","matchedStatuses":[],"flaky":false}],"tags":[]},"source":"5cebac7b9c741946.json","parameterValues":[]}