{"uid":"e7aadd01f5c44cbd","name":"TC - Failed sample","fullName":"tests.web.credential.test_TC_failed_sample#test_failed_sample","historyId":"a169feb28753f67b6e37a3d9b0ea102d","time":{"start":1751819890777,"stop":1751819894940,"duration":4163},"status":"failed","statusMessage":"AssertionError: \u001B[31mFAILURE: \u001B[0m\n\u001B[31mtests/web/credential/test_TC_failed_sample.py\u001B[0m:20 in test_failed_sample() -> assert_util.verify_equals(\n\u001B[31msrc/utils/assert_util.py\u001B[0m:64 in ___verify___() -> with check:\n\u001B[31massert_util.py\u001B[0m:65 in ___verify___ -> assert result\n\u001B[31mAssertionError\n\u001B[0m\n\n------------------------------------------------------------\nFailed Checks: 1","statusTrace":"\u001B[31mFAILURE: \u001B[0m\n\u001B[31mtests/web/credential/test_TC_failed_sample.py\u001B[0m:20 in test_failed_sample() -> assert_util.verify_equals(\n\u001B[31msrc/utils/assert_util.py\u001B[0m:64 in ___verify___() -> with check:\n\u001B[31massert_util.py\u001B[0m:65 in ___verify___ -> assert result\n\u001B[31mAssertionError\n\u001B[0m\n\n------------------------------------------------------------\nFailed Checks: 1","flaky":false,"newFailed":false,"newBroken":false,"newPassed":false,"retriesCount":0,"retriesStatusChange":false,"beforeStages":[],"testStage":{"status":"failed","statusMessage":"AssertionError: \u001B[31mFAILURE: \u001B[0m\n\u001B[31mtests/web/credential/test_TC_failed_sample.py\u001B[0m:20 in test_failed_sample() -> assert_util.verify_equals(\n\u001B[31msrc/utils/assert_util.py\u001B[0m:64 in ___verify___() -> with check:\n\u001B[31massert_util.py\u001B[0m:65 in ___verify___ -> assert result\n\u001B[31mAssertionError\n\u001B[0m\n\n------------------------------------------------------------\nFailed Checks: 1","statusTrace":"\u001B[31mFAILURE: \u001B[0m\n\u001B[31mtests/web/credential/test_TC_failed_sample.py\u001B[0m:20 in test_failed_sample() -> assert_util.verify_equals(\n\u001B[31msrc/utils/assert_util.py\u001B[0m:64 in ___verify___() -> with check:\n\u001B[31massert_util.py\u001B[0m:65 in ___verify___ -> assert result\n\u001B[31mAssertionError\n\u001B[0m\n\n------------------------------------------------------------\nFailed Checks: 1","steps":[{"name":"Step 1: Navigate to AQX Trader","time":{"start":1751819894941,"stop":1751819894941,"duration":0},"status":"passed","steps":[],"attachments":[],"parameters":[],"shouldDisplayMessage":false,"stepsCount":0,"attachmentsCount":0,"hasContent":false,"attachmentStep":false},{"name":"Step 2: Login with invalid password","time":{"start":1751819894941,"stop":1751819894941,"duration":0},"status":"failed","steps":[{"name":"‚ùå [Expected: Invalid credentials] - [Actual: Invalid credentials, please try again] Verify error text displays","time":{"start":1751819894941,"stop":1751819894941,"duration":0},"status":"failed","steps":[],"attachments":[{"uid":"4862e85fe110172d","name":"chrome_06-2025-07_23:38:14.png","source":"4862e85fe110172d.png","type":"image/png","size":1160071}],"parameters":[],"shouldDisplayMessage":false,"stepsCount":0,"attachmentsCount":1,"hasContent":true,"attachmentStep":false}],"attachments":[],"parameters":[],"shouldDisplayMessage":false,"stepsCount":1,"attachmentsCount":1,"hasContent":true,"attachmentStep":false}],"attachments":[{"uid":"c4934a96e26809c7","name":"Test Recording","source":"c4934a96e26809c7.mp4","type":"video/mp4","size":1208761}],"parameters":[],"shouldDisplayMessage":true,"stepsCount":3,"attachmentsCount":2,"hasContent":true,"attachmentStep":false},"afterStages":[],"labels":[{"name":"parentSuite","value":"Credential"},{"name":"resultFormat","value":"allure2"}],"parameters":[],"links":[],"hidden":false,"retry":false,"extra":{"severity":"normal","retries":[],"categories":[{"name":"Product defects","matchedStatuses":[],"flaky":false}],"tags":[]},"source":"e7aadd01f5c44cbd.json","parameterValues":[]}